[I 2025-12-12 10:08:46.842 ServerApp] jupyter_lsp | extension was successfully linked.
[I 2025-12-12 10:08:46.847 ServerApp] jupyter_server_terminals | extension was successfully linked.
[W 2025-12-12 10:08:46.849 LabApp] 'token' has moved from NotebookApp to ServerApp. This config will be passed to ServerApp. Be sure to update your config before our next release.
[W 2025-12-12 10:08:46.849 LabApp] 'password' has moved from NotebookApp to ServerApp. This config will be passed to ServerApp. Be sure to update your config before our next release.
[W 2025-12-12 10:08:46.849 LabApp] 'allow_origin' has moved from NotebookApp to ServerApp. This config will be passed to ServerApp. Be sure to update your config before our next release.
[W 2025-12-12 10:08:46.852 ServerApp] ServerApp.token config is deprecated in 2.0. Use IdentityProvider.token.
[I 2025-12-12 10:08:46.852 ServerApp] jupyterlab | extension was successfully linked.
[I 2025-12-12 10:08:46.857 ServerApp] notebook | extension was successfully linked.
[I 2025-12-12 10:08:47.398 ServerApp] notebook_shim | extension was successfully linked.
[W 2025-12-12 10:08:47.454 ServerApp] All authentication is disabled.  Anyone who can connect to this server will be able to run code.
[I 2025-12-12 10:08:47.455 ServerApp] notebook_shim | extension was successfully loaded.
[I 2025-12-12 10:08:47.457 ServerApp] jupyter_lsp | extension was successfully loaded.
[I 2025-12-12 10:08:47.459 ServerApp] jupyter_server_terminals | extension was successfully loaded.
[I 2025-12-12 10:08:47.465 LabApp] JupyterLab extension loaded from /Users/melvinalvarez/miniconda3/lib/python3.13/site-packages/jupyterlab
[I 2025-12-12 10:08:47.465 LabApp] JupyterLab application directory is /Users/melvinalvarez/miniconda3/share/jupyter/lab
[I 2025-12-12 10:08:47.466 LabApp] Extension Manager is 'pypi'.
[I 2025-12-12 10:08:47.577 ServerApp] jupyterlab | extension was successfully loaded.
[I 2025-12-12 10:08:47.580 ServerApp] notebook | extension was successfully loaded.
[I 2025-12-12 10:08:47.582 ServerApp] Serving notebooks from local directory: /Users/melvinalvarez/Documents/Workspace/rust-arblab/examples/notebooks
[I 2025-12-12 10:08:47.582 ServerApp] Jupyter Server 2.17.0 is running at:
[I 2025-12-12 10:08:47.582 ServerApp] http://localhost:8889/tree
[I 2025-12-12 10:08:47.582 ServerApp]     http://127.0.0.1:8889/tree
[I 2025-12-12 10:08:47.582 ServerApp] Use Control-C to stop this server and shut down all kernels (twice to skip confirmation).
[I 2025-12-12 10:08:47.627 ServerApp] Skipped non-installed server(s): basedpyright, bash-language-server, dockerfile-language-server-nodejs, javascript-typescript-langserver, jedi-language-server, julia-language-server, pyrefly, pyright, python-language-server, python-lsp-server, r-languageserver, sql-language-server, texlab, typescript-language-server, unified-language-server, vscode-css-languageserver-bin, vscode-html-languageserver-bin, vscode-json-languageserver-bin, yaml-language-server
[I 2025-12-12 10:08:48.161 ServerApp] 302 GET / (@::1) 0.56ms
[I 2025-12-12 10:09:52.784 ServerApp] 302 GET / (@::1) 0.97ms
[I 2025-12-12 19:01:57.034 ServerApp] 302 GET / (@::1) 0.72ms
[I 2025-12-12 19:02:14.057 ServerApp] 302 GET / (@::1) 0.43ms
[I 2025-12-12 19:31:17.613 ServerApp] 302 GET / (@::1) 0.74ms
[I 2025-12-12 20:08:43.705 ServerApp] 302 GET / (@::1) 3.87ms
[I 2025-12-13 11:09:14.680 ServerApp] 302 GET / (@::1) 8.00ms
