
  You can now view your Streamlit app in your browser.

  URL: http://localhost:8501

INFO:utils.data_persistence:Loaded dataset 'alpaca_20251211_220707': 0 rows
INFO:python.grpc_client:Connected to gRPC server at localhost:50051
INFO:utils.data_persistence:Loaded dataset 'alpaca_20251211_220707': 0 rows
WARNING:python.data.fetchers.massive_helper:boto3 not installed - flat file downloads disabled. Install with: pip install boto3
INFO:python.data.fetchers.massive_helper:✅ Rust flat file processor available (Polars-based, 50-100x faster)
INFO:utils.data_persistence:Loaded dataset 'alpaca_20251211_220707': 0 rows
2025-12-12 10:10:18.815 Please replace `use_container_width` with `width`.

`use_container_width` will be removed after 2025-12-31.

For `use_container_width=True`, use `width='stretch'`. For `use_container_width=False`, use `width='content'`.
2025-12-12 10:10:18.877 Please replace `use_container_width` with `width`.

`use_container_width` will be removed after 2025-12-31.

For `use_container_width=True`, use `width='stretch'`. For `use_container_width=False`, use `width='content'`.
INFO:python.rust_bridge:rust_connector available
INFO:utils.data_persistence:Loaded dataset 'alpaca_20251211_220707': 0 rows
INFO:utils.data_persistence:Loaded dataset 'alpaca_20251211_220707': 0 rows
INFO:utils.data_persistence:Loaded dataset 'alpaca_20251211_220707': 0 rows
INFO:utils.data_persistence:Loaded dataset 'alpaca_20251211_220707': 0 rows
INFO:utils.data_persistence:Loaded dataset 'alpaca_20251211_220707': 0 rows
INFO:utils.data_persistence:Loaded dataset 'alpaca_20251211_220707': 0 rows
INFO:utils.data_persistence:Loaded dataset 'alpaca_20251211_220707': 0 rows
INFO:utils.data_persistence:Loaded dataset 'alpaca_20251211_220707': 0 rows
INFO:utils.data_persistence:Loaded dataset 'alpaca_20251211_220707': 0 rows
INFO:utils.data_persistence:Loaded dataset 'alpaca_20251211_220707': 0 rows
INFO:utils.data_persistence:Loaded dataset 'alpaca_20251211_220707': 0 rows
INFO:utils.data_persistence:Loaded dataset 'alpaca_20251211_220707': 0 rows
INFO:utils.data_persistence:Loaded dataset 'alpaca_20251211_220707': 0 rows
INFO:utils.data_persistence:Loaded dataset 'alpaca_20251211_220707': 0 rows
INFO:utils.data_persistence:Loaded dataset 'alpaca_20251211_220707': 0 rows
INFO:utils.data_persistence:Loaded dataset 'alpaca_20251211_220707': 0 rows
INFO:utils.data_persistence:Loaded dataset 'alpaca_20251211_220707': 0 rows
INFO:utils.data_persistence:Loaded dataset 'alpaca_20251211_220707': 0 rows
INFO:utils.data_persistence:Loaded dataset 'alpaca_20251211_220707': 0 rows
INFO:utils.data_persistence:Loaded dataset 'alpaca_20251211_220707': 0 rows
INFO:utils.data_persistence:Loaded dataset 'alpaca_20251211_220707': 0 rows
INFO:utils.data_persistence:Loaded dataset 'alpaca_20251211_220707': 0 rows
INFO:utils.data_persistence:Loaded dataset 'alpaca_20251211_220707': 0 rows
INFO:utils.data_persistence:Loaded dataset 'alpaca_20251211_220707': 0 rows
INFO:utils.data_persistence:Loaded dataset 'alpaca_20251211_220707': 0 rows
INFO:utils.data_persistence:Loaded dataset 'alpaca_20251211_220707': 0 rows
INFO:utils.data_persistence:Loaded dataset 'alpaca_20251211_220707': 0 rows
INFO:utils.data_persistence:Loaded dataset 'alpaca_20251211_220707': 0 rows
INFO:utils.data_persistence:Loaded dataset 'alpaca_20251211_220707': 0 rows
INFO:utils.data_persistence:Loaded dataset 'alpaca_20251211_220707': 0 rows
INFO:utils.data_persistence:Loaded dataset 'alpaca_20251211_220707': 0 rows
INFO:utils.data_persistence:Loaded dataset 'alpaca_20251211_220707': 0 rows
INFO:utils.data_persistence:Loaded dataset 'alpaca_20251211_220707': 0 rows
INFO:utils.data_persistence:Loaded dataset 'alpaca_20251211_220707': 0 rows
INFO:utils.data_persistence:Loaded dataset 'alpaca_20251211_220707': 0 rows
INFO:utils.data_persistence:Loaded dataset 'alpaca_20251211_220707': 0 rows
INFO:utils.data_persistence:Loaded dataset 'alpaca_20251211_220707': 0 rows
INFO:utils.data_persistence:Loaded dataset 'alpaca_20251211_220707': 0 rows
INFO:utils.data_persistence:Loaded dataset 'alpaca_20251211_220707': 0 rows
INFO:utils.data_persistence:Loaded dataset 'alpaca_20251211_220707': 0 rows
INFO:utils.data_persistence:Loaded dataset 'alpaca_20251211_220707': 0 rows
INFO:utils.data_persistence:Loaded dataset 'alpaca_20251211_220707': 0 rows
INFO:utils.data_persistence:Loaded dataset 'alpaca_20251211_220707': 0 rows
INFO:utils.data_persistence:Loaded dataset 'alpaca_20251211_220707': 0 rows
INFO:utils.data_persistence:Loaded dataset 'alpaca_20251211_220707': 0 rows
INFO:utils.data_persistence:Loaded dataset 'alpaca_20251211_220707': 0 rows
INFO:utils.data_persistence:Loaded dataset 'alpaca_20251211_220707': 0 rows
INFO:utils.data_persistence:Loaded dataset 'alpaca_20251211_220707': 0 rows
INFO:utils.data_persistence:Loaded dataset 'alpaca_20251211_220707': 0 rows
INFO:utils.data_persistence:Loaded dataset 'alpaca_20251211_220707': 0 rows
INFO:utils.data_persistence:Loaded dataset 'alpaca_20251211_220707': 0 rows
INFO:utils.data_persistence:Loaded dataset 'alpaca_20251211_220707': 0 rows
INFO:utils.data_persistence:Loaded dataset 'alpaca_20251211_220707': 0 rows
INFO:utils.data_persistence:Loaded dataset 'alpaca_20251211_220707': 0 rows
INFO:utils.data_persistence:Loaded dataset 'alpaca_20251211_220707': 0 rows
INFO:utils.data_persistence:Loaded dataset 'alpaca_20251211_220707': 0 rows
INFO:utils.data_persistence:Loaded dataset 'alpaca_20251211_220707': 0 rows
INFO:utils.data_persistence:Loaded dataset 'alpaca_20251211_220707': 0 rows
INFO:utils.data_persistence:Loaded dataset 'alpaca_20251211_220707': 0 rows
INFO:utils.data_persistence:Loaded dataset 'alpaca_20251211_220707': 0 rows
INFO:utils.data_persistence:Loaded dataset 'alpaca_20251211_220707': 0 rows
INFO:utils.data_persistence:Loaded dataset 'alpaca_20251211_220707': 0 rows
