[0;34m[INFO][0m Configuration Summary:
[0;34m[INFO][0m   Project Root:    /Users/melvinalvarez/Documents/Enki/Workspace/rust-arblab/scripts/..
[0;34m[INFO][0m   Docker Compose:  /Users/melvinalvarez/Documents/Enki/Workspace/rust-arblab/scripts/../docker-compose.yml
[0;34m[INFO][0m   Build Log:       /Users/melvinalvarez/Documents/Enki/Workspace/rust-arblab/scripts/../.docker-logs/build_20251212_190151.log
[0;34m[INFO][0m   Rebuild All:     false
[0;34m[INFO][0m   No Cache:        false
[0;34m[INFO][0m   Start Services:  true
[0;34m[INFO][0m   Detach Mode:     true
[0;34m[INFO][0m   Verbose:         true
[0;36m▶ Checking Dependencies[0m
[0;32m[✓][0m Found: docker (/usr/local/bin/docker)
[0;32m[✓][0m Found: docker-compose (/usr/local/bin/docker-compose)
[0;32m[✓][0m Found: cargo (/usr/local/opt/rustup/bin/cargo)
[0;32m[✓][0m All dependencies found
[0;36m▶ Validating Project Structure[0m
[0;32m[✓][0m Found: Cargo.toml
[0;32m[✓][0m Found: docker-compose.yml
[0;32m[✓][0m Found: requirements.txt
[0;32m[✓][0m Found: Dockerfile.grpc
[0;32m[✓][0m Found: Dockerfile.streamlit
[0;32m[✓][0m Found: Dockerfile.jupyter
[0;32m[✓][0m Found: meanrev.proto
[0;32m[✓][0m Project structure validated
[0;36m▶ Verifying Protocol Buffer Files[0m
[0;32m[✓][0m Proto Python files found
[0;36m▶ Building Rust gRPC Service[0m
[0;34m[INFO][0m Building release binary...
warning: variable does not need to be mutable
   --> rust_grpc_service/src/models.rs:325:9
    |
325 |     let mut cash = 100000.0;
    |         ----^^^^
    |         |
    |         help: remove this `mut`
    |
    = note: `#[warn(unused_mut)]` on by default

warning: unused variable: `k`
   --> rust_grpc_service/src/models.rs:449:9
    |
449 |     for k in 0..n_components {
    |         ^ help: if this is intentional, prefix it with an underscore: `_k`
    |
    = note: `#[warn(unused_variables)]` on by default

warning: field `total_costs` is never read
   --> rust_grpc_service/src/models.rs:416:9
    |
411 | pub struct BacktestResult {
    |            -------------- field in this struct
...
416 |     pub total_costs: f64,
    |         ^^^^^^^^^^^
    |
    = note: `#[warn(dead_code)]` on by default

warning: `rust_grpc_service` (lib) generated 3 warnings (run `cargo fix --lib -p rust_grpc_service` to apply 1 suggestion)
    Finished `release` profile [optimized] target(s) in 0.45s
[0;32m[✓][0m Built Rust gRPC binary (size: 3.3M)
[0;36m▶ Building Docker Images[0m
[0;34m[INFO][0m Building Docker Compose services...
#1 [internal] load local bake definitions
#1 reading from stdin 2.15kB done
#1 DONE 0.0s

#2 [streamlit internal] load build definition from Dockerfile.streamlit
#2 transferring dockerfile: 1.06kB done
#2 DONE 0.0s

#3 [jupyter internal] load build definition from Dockerfile.jupyter
#3 transferring dockerfile: 1.02kB 0.0s done
#3 DONE 0.0s

#4 [mock_apis internal] load build definition from Dockerfile
#4 transferring dockerfile: 211B done
#4 DONE 0.0s

#5 [grpc_service internal] load build definition from Dockerfile.grpc
#5 transferring dockerfile: 1.34kB done
#5 DONE 0.0s

#6 [mock_apis internal] load metadata for docker.io/library/python:3.11-slim
#6 DONE 0.5s

#7 [mock_apis internal] load .dockerignore
#7 transferring context: 2B 0.0s done
#7 DONE 0.0s

#8 [jupyter internal] load .dockerignore
#8 transferring context: 666B 0.0s done
#8 DONE 0.0s

#9 [jupyter 1/4] FROM docker.io/library/python:3.11-slim@sha256:7cd0079a9bd8800c81632d65251048fc2848bf9afda542224b1b10e0cae45575
#9 DONE 0.0s

#10 [mock_apis internal] load build context
#10 transferring context: 195B done
#10 DONE 0.0s

#11 [mock_apis 2/4] WORKDIR /app
#11 CACHED

#12 [mock_apis 3/4] COPY . /app
#12 CACHED

#13 [mock_apis 4/4] RUN pip install --no-cache-dir fastapi uvicorn
#13 CACHED

#14 [streamlit internal] load build context
#14 transferring context: 5.13kB 0.0s done
#14 DONE 0.0s

#15 [mock_apis] exporting to image
#15 exporting layers done
#15 writing image sha256:2268d457cd0500bc986964f2549ebe7d75048f82106bc0bece3fc24d5847eabc done
#15 naming to docker.io/library/rust-arblab-mock_apis done
#15 DONE 0.0s

#16 [grpc_service internal] load metadata for docker.io/library/debian:bookworm-slim
#16 DONE 0.6s

#17 [jupyter internal] load build context
#17 ...

#8 [grpc_service internal] load .dockerignore
#8 transferring context: 666B 0.0s done
#8 DONE 0.0s

#18 [streamlit 4/8] COPY docker/requirements.txt .
#18 CACHED

#19 [streamlit 2/8] RUN apt-get update && apt-get install -y --no-install-recommends     build-essential curl git ca-certificates     libopenblas-dev liblapack-dev     && rm -rf /var/lib/apt/lists/*
#19 CACHED

#20 [streamlit 5/8] RUN pip install --upgrade pip setuptools wheel &&     pip install --no-cache-dir -r requirements.txt
#20 CACHED

#21 [streamlit 7/8] COPY python ./python
#21 CACHED

#22 [streamlit 3/8] WORKDIR /app
#22 CACHED

#23 [streamlit 6/8] COPY app ./app
#23 CACHED

#24 [streamlit 8/8] COPY proto ./proto
#24 CACHED

#25 [grpc_service internal] load metadata for docker.io/library/rust:1.82-slim
#25 DONE 0.6s

#26 [grpc_service builder 1/8] FROM docker.io/library/rust:1.82-slim@sha256:1111c28d995d06a7863ba6cea3b3dcb87bebe65af8ec5517caaf2c8c26f38010
#26 DONE 0.0s

#27 [grpc_service stage-1 1/5] FROM docker.io/library/debian:bookworm-slim@sha256:e899040a73d36e2b36fa33216943539d9957cba8172b858097c2cabcdb20a3e2
#27 DONE 0.0s

#28 [streamlit] exporting to image
#28 exporting layers done
#28 writing image sha256:c061c78c41f49964d5bc924a71ec01dfcfde0fcbf9c17aeabdf8049dbee6e681 0.1s done
#28 naming to docker.io/library/rust-arblab-streamlit done
#28 DONE 0.1s

#17 [jupyter internal] load build context
#17 transferring context: 2.01MB 0.1s done
#17 DONE 0.2s

#29 [jupyter 5/9] RUN pip install --upgrade pip setuptools wheel &&     pip install --no-cache-dir -r requirements.txt
#29 CACHED

#30 [jupyter 2/9] RUN apt-get update && apt-get install -y --no-install-recommends     build-essential curl git ca-certificates     libopenblas-dev liblapack-dev     && rm -rf /var/lib/apt/lists/*
#30 CACHED

#31 [jupyter 3/9] WORKDIR /app
#31 CACHED

#32 [jupyter 4/9] COPY docker/requirements.txt .
#32 CACHED

#33 [jupyter 8/9] COPY tests ./tests
#33 CACHED

#34 [jupyter 7/9] COPY python ./python
#34 CACHED

#35 [jupyter 6/9] COPY app ./app
#35 CACHED

#36 [grpc_service internal] load build context
#36 transferring context: 282.13kB 0.1s done
#36 DONE 0.1s

#37 [jupyter 9/9] COPY proto ./proto
#37 CACHED

#38 [mock_apis] resolving provenance for metadata file
#38 DONE 0.0s

#39 [streamlit] resolving provenance for metadata file
#39 DONE 0.0s

#40 [grpc_service builder 5/8] COPY proto ./proto
#40 CACHED

#41 [grpc_service stage-1 2/5] RUN apt-get update && apt-get install -y --no-install-recommends     ca-certificates netcat-traditional     && rm -rf /var/lib/apt/lists/*
#41 CACHED

#42 [grpc_service stage-1 3/5] WORKDIR /app
#42 CACHED

#43 [grpc_service builder 2/8] RUN apt-get update && apt-get install -y --no-install-recommends     build-essential pkg-config libssl-dev ca-certificates     protobuf-compiler     && rm -rf /var/lib/apt/lists/*
#43 CACHED

#44 [grpc_service builder 3/8] WORKDIR /build
#44 CACHED

#45 [grpc_service builder 6/8] COPY rust_grpc_service ./rust_grpc_service
#45 CACHED

#46 [grpc_service builder 4/8] COPY Cargo.toml Cargo.lock ./
#46 CACHED

#47 [grpc_service builder 7/8] COPY rust_core ./rust_core
#47 CACHED

#48 [grpc_service builder 8/8] RUN cargo build -p rust_grpc_service --release
#48 CACHED

#49 [grpc_service stage-1 4/5] COPY --from=builder /build/target/release/rust_grpc_service /app/rust_grpc_service
#49 CACHED

#50 [grpc_service stage-1 5/5] RUN useradd -m -u 1000 grpc && chown -R grpc:grpc /app
#50 CACHED

#51 [jupyter] exporting to image
#51 exporting layers done
#51 writing image sha256:3244795805a4bd880a64ead04c250bb0ffbe50282adc4d2da3dc2846dac6a36a done
#51 naming to docker.io/library/rust-arblab-jupyter done
#51 DONE 0.0s

#52 [grpc_service] exporting to image
#52 exporting layers done
#52 writing image sha256:6467d028cead0d041b0843cf8769a96ef4560bd3eed11d94448e1197ca6eec8d done
#52 naming to docker.io/library/rust-arblab-grpc_service done
#52 DONE 0.0s

#53 [jupyter] resolving provenance for metadata file
#53 DONE 0.0s

#54 [grpc_service] resolving provenance for metadata file
#54 DONE 0.0s
 rust-arblab-streamlit  Built
 rust-arblab-grpc_service  Built
 rust-arblab-jupyter  Built
 rust-arblab-mock_apis  Built
[0;32m[✓][0m Docker images built successfully
[0;36m▶ Starting Services[0m
[0;34m[INFO][0m Starting in detached mode
[0;34m[INFO][0m Starting Docker Compose services...
 Container rust-grpc-service  Running
 Container mock_apis  Running
 Container hft-jupyter  Recreate
 Container hft-streamlit  Recreate
 Container hft-streamlit  Recreated
 Container hft-jupyter  Recreated
 Container rust-grpc-service  Waiting
 Container rust-grpc-service  Waiting
 Container rust-grpc-service  Healthy
 Container hft-streamlit  Starting
 Container rust-grpc-service  Healthy
 Container hft-jupyter  Starting
 Container hft-streamlit  Started
 Container hft-jupyter  Started
[0;32m[✓][0m Services started
[0;36m▶ Waiting for Services to Be Ready[0m
[0;34m[INFO][0m Waiting for gRPC service on localhost:50051...
[0;32m[✓][0m ✓ gRPC service ready
[0;34m[INFO][0m Waiting for Streamlit on localhost:8501...
[0;32m[✓][0m ✓ Streamlit ready
[0;34m[INFO][0m Waiting for Jupyter on localhost:8889...
[0;32m[✓][0m ✓ Jupyter ready
[0;36m▶ Service Information[0m
[0;32m[✓][0m Build completed successfully!
[0;34m[INFO][0m Build log saved to: /Users/melvinalvarez/Documents/Enki/Workspace/rust-arblab/scripts/../.docker-logs/build_20251212_190151.log
